[2026-04-29T11:36:22.490Z] Workspace config loaded:
[2026-04-29T11:36:22.491Z]   workspacePath: C:\Users\My PC\Dev\ml_internship\tui\final\zila
[2026-04-29T11:36:22.492Z]   curriculumPath: C:\Users\My PC\Dev\ml_internship\tui\final\zila\.curriculum
[2026-04-29T11:36:22.492Z]   assistantPath: C:\Users\My PC\Dev\ml_internship\tui\final\zila\.assistant
[2026-04-29T11:36:23.100Z] === Assistant Launch Debug ===
[2026-04-29T11:36:23.101Z] assistantPath: C:\Users\My PC\Dev\ml_internship\tui\final\zila\.assistant
[2026-04-29T11:36:23.101Z] curriculumPath: C:\Users\My PC\Dev\ml_internship\tui\final\zila\.curriculum
[2026-04-29T11:36:23.102Z] Checking main.py at: C:\Users\My PC\Dev\ml_internship\tui\final\zila\.assistant\main.py
[2026-04-29T11:36:23.103Z] ERROR: main.py not found at: C:\Users\My PC\Dev\ml_internship\tui\final\zila\.assistant\main.py
[2026-04-29T11:36:23.104Z] launchAssistant returned: {"ok":false,"error":"main.py not found in C:\\Users\\My PC\\Dev\\ml_internship\\tui\\final\\zila\\.assistant. Run  zila init  to set up your workspace.","exitCode":null}
[2026-04-29T11:36:23.104Z] Assistant launch failed: main.py not found in C:\Users\My PC\Dev\ml_internship\tui\final\zila\.assistant. Run  zila init  to set up your workspace.
[2026-04-29T11:41:49.315Z] ERROR: No workspace config found
[2026-04-29T11:42:33.891Z] Workspace config loaded:
[2026-04-29T11:42:33.891Z]   workspacePath: C:\Users\My PC\Dev\ml_internship\tui\final\zila
[2026-04-29T11:42:33.892Z]   curriculumPath: C:\Users\My PC\Dev\ml_internship\tui\final\zila\internship\curriculum
[2026-04-29T11:42:33.892Z]   assistantPath: C:\Users\My PC\Dev\ml_internship\tui\final\zila\internship\assistant
[2026-04-29T11:42:34.494Z] === Assistant Launch Debug ===
[2026-04-29T11:42:34.495Z] assistantPath: C:\Users\My PC\Dev\ml_internship\tui\final\zila\internship\assistant
[2026-04-29T11:42:34.495Z] curriculumPath: C:\Users\My PC\Dev\ml_internship\tui\final\zila\internship\curriculum
[2026-04-29T11:42:34.496Z] Checking main.py at: C:\Users\My PC\Dev\ml_internship\tui\final\zila\internship\assistant\main.py
[2026-04-29T11:42:34.496Z] OK: main.py exists
[2026-04-29T11:42:34.497Z] Checking curriculum at: C:\Users\My PC\Dev\ml_internship\tui\final\zila\internship\curriculum
[2026-04-29T11:42:34.497Z] OK: Curriculum exists
[2026-04-29T11:42:34.498Z] Resolving Python for: C:\Users\My PC\Dev\ml_internship\tui\final\zila\internship\assistant
[2026-04-29T11:42:35.229Z] Found Python: python (v3.14.2)
[2026-04-29T11:42:35.229Z] About to unmount Ink and spawn Python
[2026-04-29T11:42:35.236Z] Spawning: python "C:\Users\My PC\Dev\ml_internship\tui\final\zila\internship\assistant\main.py" "C:\Users\My PC\Dev\ml_internship\tui\final\zila\internship\curriculum"
[2026-04-29T11:42:35.236Z] CWD: C:\Users\My PC\Dev\ml_internship\tui\final\zila\internship\assistant
[2026-04-29T11:42:35.257Z] Spawn returned, PID: 6232
[2026-04-29T11:42:35.257Z] Spawn event fired
[2026-04-29T11:42:35.449Z] Process closed with code: 1
[2026-04-29T11:42:35.449Z] launchAssistant returned: {"ok":false,"error":"Assistant exited with code 1","exitCode":1}
[2026-04-29T11:42:35.450Z] Assistant launch failed: Assistant exited with code 1
[2026-04-29T11:51:44.037Z] Workspace config loaded:
[2026-04-29T11:51:44.037Z]   workspacePath: C:\Users\My PC\Dev\ml_internship\tui\final\zila
[2026-04-29T11:51:44.038Z]   curriculumPath: C:\Users\My PC\Dev\ml_internship\tui\final\zila\internship\curriculum
[2026-04-29T11:51:44.038Z]   assistantPath: C:\Users\My PC\Dev\ml_internship\tui\final\zila\internship\assistant
[2026-04-29T11:51:44.641Z] === Assistant Launch Debug ===
[2026-04-29T11:51:44.642Z] assistantPath: C:\Users\My PC\Dev\ml_internship\tui\final\zila\internship\assistant
[2026-04-29T11:51:44.642Z] curriculumPath: C:\Users\My PC\Dev\ml_internship\tui\final\zila\internship\curriculum
[2026-04-29T11:51:44.643Z] Checking main.py at: C:\Users\My PC\Dev\ml_internship\tui\final\zila\internship\assistant\main.py
[2026-04-29T11:51:44.644Z] OK: main.py exists
[2026-04-29T11:51:44.644Z] Checking curriculum at: C:\Users\My PC\Dev\ml_internship\tui\final\zila\internship\curriculum
[2026-04-29T11:51:44.645Z] OK: Curriculum exists
[2026-04-29T11:51:44.645Z] Resolving Python for: C:\Users\My PC\Dev\ml_internship\tui\final\zila\internship\assistant
[2026-04-29T11:51:44.646Z] [resolvePython] Checking venv at: C:\Users\My PC\Dev\ml_internship\tui\final\zila\internship\assistant\.venv\Scripts\python.exe
[2026-04-29T11:51:44.647Z] [resolvePython] Exists: true
[2026-04-29T11:51:44.691Z] [resolvePython] Venv Python version: null
[2026-04-29T11:51:44.692Z] [resolvePython] Venv not found, trying system python
[2026-04-29T11:51:45.085Z] [resolvePython] Using system: python (v3.14.2)
[2026-04-29T11:51:45.086Z] Found Python: python (v3.14.2)
[2026-04-29T11:51:45.086Z] About to unmount Ink and spawn Python
[2026-04-29T11:51:45.092Z] Spawning: python "C:\Users\My PC\Dev\ml_internship\tui\final\zila\internship\assistant\main.py" "C:\Users\My PC\Dev\ml_internship\tui\final\zila\internship\curriculum"
[2026-04-29T11:51:45.093Z] CWD: C:\Users\My PC\Dev\ml_internship\tui\final\zila\internship\assistant
[2026-04-29T11:51:45.116Z] Spawn returned, PID: 40740
[2026-04-29T11:51:45.117Z] Spawn event fired
[2026-04-29T11:51:45.259Z] Process closed with code: 1
[2026-04-29T11:51:45.260Z] launchAssistant returned: {"ok":false,"error":"Assistant exited with code 1","exitCode":1}
[2026-04-29T11:51:45.260Z] Assistant launch failed: Assistant exited with code 1
[2026-04-29T12:03:17.191Z] Workspace config loaded:
[2026-04-29T12:03:17.192Z]   workspacePath: C:\Users\My PC\Dev\ml_internship\tui\final\zila
[2026-04-29T12:03:17.192Z]   curriculumPath: C:\Users\My PC\Dev\ml_internship\tui\final\zila\internship\curriculum
[2026-04-29T12:03:17.193Z]   assistantPath: C:\Users\My PC\Dev\ml_internship\tui\final\zila\internship\assistant
[2026-04-29T12:03:17.801Z] === Assistant Launch Debug ===
[2026-04-29T12:03:17.801Z] assistantPath: C:\Users\My PC\Dev\ml_internship\tui\final\zila\internship\assistant
[2026-04-29T12:03:17.802Z] curriculumPath: C:\Users\My PC\Dev\ml_internship\tui\final\zila\internship\curriculum
[2026-04-29T12:03:17.802Z] Checking main.py at: C:\Users\My PC\Dev\ml_internship\tui\final\zila\internship\assistant\main.py
[2026-04-29T12:03:17.803Z] OK: main.py exists
[2026-04-29T12:03:17.804Z] Checking curriculum at: C:\Users\My PC\Dev\ml_internship\tui\final\zila\internship\curriculum
[2026-04-29T12:03:17.804Z] OK: Curriculum exists
[2026-04-29T12:03:17.805Z] Resolving Python for: C:\Users\My PC\Dev\ml_internship\tui\final\zila\internship\assistant
[2026-04-29T12:03:17.806Z] [resolvePython] Checking venv at: C:\Users\My PC\Dev\ml_internship\tui\final\zila\internship\assistant\.venv\Scripts\python.exe
[2026-04-29T12:03:17.806Z] [resolvePython] Exists: true
[2026-04-29T12:03:17.846Z] [resolvePython] Venv Python version: null
[2026-04-29T12:03:17.846Z] [resolvePython] Venv not found, trying system python
[2026-04-29T12:03:18.300Z] [resolvePython] Using system: python (v3.14.2)
[2026-04-29T12:03:18.301Z] Found Python: python (v3.14.2)
[2026-04-29T12:03:18.301Z] About to unmount Ink and spawn Python
[2026-04-29T12:03:18.306Z] Spawning: python "C:\Users\My PC\Dev\ml_internship\tui\final\zila\internship\assistant\main.py" "C:\Users\My PC\Dev\ml_internship\tui\final\zila\internship\curriculum"
[2026-04-29T12:03:18.307Z] CWD: C:\Users\My PC\Dev\ml_internship\tui\final\zila\internship\assistant
[2026-04-29T12:03:18.327Z] Spawn returned, PID: 20380
[2026-04-29T12:03:18.327Z] Spawn event fired
[2026-04-29T12:03:18.618Z] Process closed with code: 1
[2026-04-29T12:03:18.621Z] launchAssistant returned: {"ok":false,"error":"Assistant exited with code 1","exitCode":1}
[2026-04-29T12:03:18.621Z] Assistant launch failed: Assistant exited with code 1
[2026-04-29T12:33:30.560Z] Workspace config loaded:
[2026-04-29T12:33:30.566Z]   workspacePath: C:\Users\My PC\Dev\ml_internship\tui\final\zila
[2026-04-29T12:33:30.566Z]   curriculumPath: C:\Users\My PC\Dev\ml_internship\tui\final\zila\internship\curriculum
[2026-04-29T12:33:30.567Z]   assistantPath: C:\Users\My PC\Dev\ml_internship\tui\final\zila\internship\assistant
[2026-04-29T12:33:31.180Z] === Assistant Launch Debug ===
[2026-04-29T12:33:31.181Z] assistantPath: C:\Users\My PC\Dev\ml_internship\tui\final\zila\internship\assistant
[2026-04-29T12:33:31.182Z] curriculumPath: C:\Users\My PC\Dev\ml_internship\tui\final\zila\internship\curriculum
[2026-04-29T12:33:31.182Z] Checking main.py at: C:\Users\My PC\Dev\ml_internship\tui\final\zila\internship\assistant\main.py
[2026-04-29T12:33:31.188Z] OK: main.py exists
[2026-04-29T12:33:31.188Z] Checking curriculum at: C:\Users\My PC\Dev\ml_internship\tui\final\zila\internship\curriculum
[2026-04-29T12:33:31.194Z] OK: Curriculum exists
[2026-04-29T12:33:31.195Z] Resolving Python for: C:\Users\My PC\Dev\ml_internship\tui\final\zila\internship\assistant
[2026-04-29T12:33:31.197Z] [resolvePython] Checking venv at: C:\Users\My PC\Dev\ml_internship\tui\final\zila\internship\assistant\.venv\Scripts\python.exe
[2026-04-29T12:33:31.197Z] [resolvePython] Exists: true
[2026-04-29T12:33:31.432Z] [resolvePython] Venv Python version: 3.14.2
[2026-04-29T12:33:31.432Z] [resolvePython] Using venv Python: C:\Users\My PC\Dev\ml_internship\tui\final\zila\internship\assistant\.venv\Scripts\python.exe
[2026-04-29T12:33:31.433Z] Found Python: C:\Users\My PC\Dev\ml_internship\tui\final\zila\internship\assistant\.venv\Scripts\python.exe (v3.14.2)
[2026-04-29T12:33:31.434Z] About to unmount Ink and spawn Python
[2026-04-29T12:33:31.439Z] Spawning: C:\Users\My PC\Dev\ml_internship\tui\final\zila\internship\assistant\.venv\Scripts\python.exe "C:\Users\My PC\Dev\ml_internship\tui\final\zila\internship\assistant\main.py" "C:\Users\My PC\Dev\ml_internship\tui\final\zila\internship\curriculum"
[2026-04-29T12:33:31.439Z] CWD: C:\Users\My PC\Dev\ml_internship\tui\final\zila\internship\assistant
[2026-04-29T12:33:31.453Z] Spawn returned, PID: 28548
[2026-04-29T12:33:31.454Z] Spawn event fired
[2026-04-29T12:33:34.349Z] Process closed with code: 1
[2026-04-29T12:33:34.350Z] launchAssistant returned: {"ok":false,"error":"Assistant exited with code 1","exitCode":1}
[2026-04-29T12:33:34.350Z] Assistant launch failed: Assistant exited with code 1
[2026-04-29T12:34:49.229Z] Workspace config loaded:
[2026-04-29T12:34:49.230Z]   workspacePath: C:\Users\My PC\Dev\ml_internship\tui\final\zila
[2026-04-29T12:34:49.231Z]   curriculumPath: C:\Users\My PC\Dev\ml_internship\tui\final\zila\internship\curriculum
[2026-04-29T12:34:49.231Z]   assistantPath: C:\Users\My PC\Dev\ml_internship\tui\final\zila\internship\assistant
[2026-04-29T12:34:49.844Z] === Assistant Launch Debug ===
[2026-04-29T12:34:49.844Z] assistantPath: C:\Users\My PC\Dev\ml_internship\tui\final\zila\internship\assistant
[2026-04-29T12:34:49.845Z] curriculumPath: C:\Users\My PC\Dev\ml_internship\tui\final\zila\internship\curriculum
[2026-04-29T12:34:49.846Z] Checking main.py at: C:\Users\My PC\Dev\ml_internship\tui\final\zila\internship\assistant\main.py
[2026-04-29T12:34:49.846Z] OK: main.py exists
[2026-04-29T12:34:49.847Z] Checking curriculum at: C:\Users\My PC\Dev\ml_internship\tui\final\zila\internship\curriculum
[2026-04-29T12:34:49.847Z] OK: Curriculum exists
[2026-04-29T12:34:49.848Z] Resolving Python for: C:\Users\My PC\Dev\ml_internship\tui\final\zila\internship\assistant
[2026-04-29T12:34:49.848Z] [resolvePython] Checking venv at: C:\Users\My PC\Dev\ml_internship\tui\final\zila\internship\assistant\.venv\Scripts\python.exe
[2026-04-29T12:34:49.849Z] [resolvePython] Exists: true
[2026-04-29T12:34:49.966Z] [resolvePython] Venv Python version: 3.14.2
[2026-04-29T12:34:49.966Z] [resolvePython] Using venv Python: C:\Users\My PC\Dev\ml_internship\tui\final\zila\internship\assistant\.venv\Scripts\python.exe
[2026-04-29T12:34:49.966Z] Found Python: C:\Users\My PC\Dev\ml_internship\tui\final\zila\internship\assistant\.venv\Scripts\python.exe (v3.14.2)
[2026-04-29T12:34:49.967Z] About to unmount Ink and spawn Python
[2026-04-29T12:34:49.971Z] Spawning: C:\Users\My PC\Dev\ml_internship\tui\final\zila\internship\assistant\.venv\Scripts\python.exe "C:\Users\My PC\Dev\ml_internship\tui\final\zila\internship\assistant\main.py" "C:\Users\My PC\Dev\ml_internship\tui\final\zila\internship\curriculum"
[2026-04-29T12:34:49.972Z] CWD: C:\Users\My PC\Dev\ml_internship\tui\final\zila\internship\assistant
[2026-04-29T12:34:49.987Z] Spawn returned, PID: 17148
[2026-04-29T12:34:49.988Z] Spawn event fired
[2026-04-29T13:08:08.277Z] Workspace config loaded:
[2026-04-29T13:08:08.278Z]   workspacePath: C:\Users\My PC\Dev\ml_internship\tui\final\zila
[2026-04-29T13:08:08.278Z]   curriculumPath: C:\Users\My PC\Dev\ml_internship\tui\final\zila\internship\curriculum
[2026-04-29T13:08:08.279Z]   assistantPath: C:\Users\My PC\Dev\ml_internship\tui\final\zila\internship\assistant
[2026-04-29T13:08:08.886Z] === Assistant Launch Debug ===
[2026-04-29T13:08:08.886Z] assistantPath: C:\Users\My PC\Dev\ml_internship\tui\final\zila\internship\assistant
[2026-04-29T13:08:08.887Z] curriculumPath: C:\Users\My PC\Dev\ml_internship\tui\final\zila\internship\curriculum
[2026-04-29T13:08:08.887Z] Checking main.py at: C:\Users\My PC\Dev\ml_internship\tui\final\zila\internship\assistant\main.py
[2026-04-29T13:08:08.888Z] OK: main.py exists
[2026-04-29T13:08:08.889Z] Checking curriculum at: C:\Users\My PC\Dev\ml_internship\tui\final\zila\internship\curriculum
[2026-04-29T13:08:08.889Z] OK: Curriculum exists
[2026-04-29T13:08:08.890Z] Resolving Python for: C:\Users\My PC\Dev\ml_internship\tui\final\zila\internship\assistant
[2026-04-29T13:08:08.890Z] [resolvePython] Checking venv at: C:\Users\My PC\Dev\ml_internship\tui\final\zila\internship\assistant\.venv\Scripts\python.exe
[2026-04-29T13:08:08.891Z] [resolvePython] Exists: true
[2026-04-29T13:08:09.024Z] [resolvePython] Venv Python version: 3.14.2
[2026-04-29T13:08:09.025Z] [resolvePython] Using venv Python: C:\Users\My PC\Dev\ml_internship\tui\final\zila\internship\assistant\.venv\Scripts\python.exe
[2026-04-29T13:08:09.026Z] Found Python: C:\Users\My PC\Dev\ml_internship\tui\final\zila\internship\assistant\.venv\Scripts\python.exe (v3.14.2)
[2026-04-29T13:08:09.026Z] About to unmount Ink and spawn Python
[2026-04-29T13:08:09.137Z] Spawning: C:\Users\My PC\Dev\ml_internship\tui\final\zila\internship\assistant\.venv\Scripts\python.exe "C:\Users\My PC\Dev\ml_internship\tui\final\zila\internship\assistant\main.py" "C:\Users\My PC\Dev\ml_internship\tui\final\zila\internship\curriculum"
[2026-04-29T13:08:09.138Z] CWD: C:\Users\My PC\Dev\ml_internship\tui\final\zila\internship\assistant
[2026-04-29T13:08:09.151Z] Spawn returned, PID: 34276
[2026-04-29T13:08:09.152Z] Spawn event fired
[2026-04-30T06:34:47.350Z] Process closed with code: 0
[2026-04-30T06:34:47.369Z] launchAssistant returned: {"ok":true,"exitCode":0}
[2026-04-30T06:34:47.369Z] Assistant launched successfully
[2026-04-30T06:42:05.381Z] Workspace config loaded:
[2026-04-30T06:42:05.386Z]   workspacePath: C:\Users\My PC\Dev\ml_internship\tui\final\zila
[2026-04-30T06:42:05.387Z]   curriculumPath: C:\Users\My PC\Dev\ml_internship\tui\final\zila\internship\curriculum
[2026-04-30T06:42:05.387Z]   assistantPath: C:\Users\My PC\Dev\ml_internship\tui\final\zila\internship\assistant
[2026-04-30T06:42:06.000Z] === Assistant Launch Debug ===
[2026-04-30T06:42:06.001Z] assistantPath: C:\Users\My PC\Dev\ml_internship\tui\final\zila\internship\assistant
[2026-04-30T06:42:06.001Z] curriculumPath: C:\Users\My PC\Dev\ml_internship\tui\final\zila\internship\curriculum
[2026-04-30T06:42:06.001Z] Checking main.py at: C:\Users\My PC\Dev\ml_internship\tui\final\zila\internship\assistant\main.py
[2026-04-30T06:42:06.002Z] OK: main.py exists
[2026-04-30T06:42:06.002Z] Checking curriculum at: C:\Users\My PC\Dev\ml_internship\tui\final\zila\internship\curriculum
[2026-04-30T06:42:06.003Z] OK: Curriculum exists
[2026-04-30T06:42:06.003Z] Resolving Python for: C:\Users\My PC\Dev\ml_internship\tui\final\zila\internship\assistant
[2026-04-30T06:42:06.004Z] [resolvePython] Checking venv at: C:\Users\My PC\Dev\ml_internship\tui\final\zila\internship\assistant\.venv\Scripts\python.exe
[2026-04-30T06:42:06.005Z] [resolvePython] Exists: true
[2026-04-30T06:42:06.108Z] [resolvePython] Venv Python version: 3.14.2
[2026-04-30T06:42:06.109Z] [resolvePython] Using venv Python: C:\Users\My PC\Dev\ml_internship\tui\final\zila\internship\assistant\.venv\Scripts\python.exe
[2026-04-30T06:42:06.109Z] Found Python: C:\Users\My PC\Dev\ml_internship\tui\final\zila\internship\assistant\.venv\Scripts\python.exe (v3.14.2)
[2026-04-30T06:42:06.110Z] Preparing TTY handoff to Python
[2026-04-30T06:42:06.173Z] Spawning: C:\Users\My PC\Dev\ml_internship\tui\final\zila\internship\assistant\.venv\Scripts\python.exe "C:\Users\My PC\Dev\ml_internship\tui\final\zila\internship\assistant\main.py" "C:\Users\My PC\Dev\ml_internship\tui\final\zila\internship\curriculum"
[2026-04-30T06:42:06.174Z] CWD: C:\Users\My PC\Dev\ml_internship\tui\final\zila\internship\assistant
[2026-04-30T06:42:06.194Z] Spawn returned, PID: 41976
[2026-04-30T06:42:06.194Z] Spawn event fired for PID 41976
